c:\users\mikke\data\github\to_dxt\to_dxt\x64\debug\vc143.pdb
c:\users\mikke\data\github\to_dxt\to_dxt\x64\debug\vc143.idb
c:\users\mikke\data\github\to_dxt\to_dxt\x64\debug\tgaloader.obj
c:\users\mikke\data\github\to_dxt\to_dxt\x64\debug\miniutils.obj
c:\users\mikke\data\github\to_dxt\to_dxt\x64\debug\main.obj
c:\users\mikke\data\github\to_dxt\to_dxt\x64\debug\encoder_dxt.obj
c:\users\mikke\data\github\to_dxt\to_dxt\x64\debug\encoder_alphadxt5.obj
c:\users\mikke\data\github\to_dxt\x64\debug\to_dxt.exe
c:\users\mikke\data\github\to_dxt\x64\debug\to_dxt.pdb
c:\users\mikke\data\github\to_dxt\x64\debug\to_dxt.lib
c:\users\mikke\data\github\to_dxt\x64\debug\to_dxt.exp
c:\users\mikke\data\github\to_dxt\to_dxt\x64\debug\to_dxt.ilk
c:\users\mikke\data\github\to_dxt\to_dxt\x64\debug\to_dxt.tlog\cl.command.1.tlog
c:\users\mikke\data\github\to_dxt\to_dxt\x64\debug\to_dxt.tlog\cl.items.tlog
c:\users\mikke\data\github\to_dxt\to_dxt\x64\debug\to_dxt.tlog\cl.read.1.tlog
c:\users\mikke\data\github\to_dxt\to_dxt\x64\debug\to_dxt.tlog\cl.write.1.tlog
c:\users\mikke\data\github\to_dxt\to_dxt\x64\debug\to_dxt.tlog\link.command.1.tlog
c:\users\mikke\data\github\to_dxt\to_dxt\x64\debug\to_dxt.tlog\link.read.1.tlog
c:\users\mikke\data\github\to_dxt\to_dxt\x64\debug\to_dxt.tlog\link.secondary.1.tlog
c:\users\mikke\data\github\to_dxt\to_dxt\x64\debug\to_dxt.tlog\link.write.1.tlog
